<?xml version="1.0" encoding="UTF-8"?>
<robot generator="Robot 4.1.2 (Python 3.9.1 on win32)" generated="20220323 06:31:33.765" rpa="false" schemaversion="2">
<suite id="s1" name="TestCase" source="D:\MobileAutomation_(FlightApp)\TestCase">
<suite id="s1-s1" name="flightLogin" source="D:\MobileAutomation_(FlightApp)\TestCase\flightLogin.robot">
<test id="s1-s1-t1" name="User should be able login with valid username">
<kw name="Open AppFlight Aplication" library="keywordFlight" type="SETUP">
<kw name="Open Application" library="AppiumLibrary">
<arg>${remote_url}</arg>
<arg>platformName=${PlatformNames}</arg>
<arg>deviceName=${DeviceNames}</arg>
<arg>appPackage=${AppPackages}</arg>
<arg>appActivity=${AppActivitys}</arg>
<doc>Opens a new application to given Appium server.
Capabilities of appium server, Android and iOS,
Please check https://github.com/appium/appium/blob/master/docs/en/writing-running-appium/server-args.md
| *Option*            | *Man.* | *Description*     |
| remote_url          | Yes    | Appium server url |
| alias               | no     | alias             |</doc>
<status status="PASS" starttime="20220323 06:31:35.139" endtime="20220323 06:32:04.190"/>
</kw>
<status status="PASS" starttime="20220323 06:31:35.137" endtime="20220323 06:32:04.191"/>
</kw>
<kw name="Tap button Login" library="keywordFlight">
<kw name="Wait Until Element Is Visible" library="AppiumLibrary">
<arg>${btn_login}</arg>
<doc>Waits until element specified with `locator` is visible.</doc>
<status status="PASS" starttime="20220323 06:32:04.195" endtime="20220323 06:32:04.581"/>
</kw>
<kw name="Click Element" library="AppiumLibrary">
<arg>${btn_login}</arg>
<doc>Click element identified by `locator`.</doc>
<msg timestamp="20220323 06:32:04.598" level="INFO">Clicking element 'id=com.example.myapplication:id/login'.</msg>
<status status="PASS" starttime="20220323 06:32:04.582" endtime="20220323 06:32:04.747"/>
</kw>
<status status="PASS" starttime="20220323 06:32:04.192" endtime="20220323 06:32:04.748"/>
</kw>
<kw name="Input username" library="keywordFlight">
<arg>${userNames.validUsername}</arg>
<kw name="Wait Until Element Is Visible" library="AppiumLibrary">
<arg>${input_username}</arg>
<doc>Waits until element specified with `locator` is visible.</doc>
<status status="PASS" starttime="20220323 06:32:04.760" endtime="20220323 06:32:06.388"/>
</kw>
<kw name="Input Text" library="AppiumLibrary">
<arg>${input_username}</arg>
<arg>${userName}</arg>
<doc>Types the given `text` into text field identified by `locator`.</doc>
<msg timestamp="20220323 06:32:06.403" level="INFO">Typing text 'support@ngendigital.com' into text field 'id=com.example.myapplication:id/username'</msg>
<status status="PASS" starttime="20220323 06:32:06.389" endtime="20220323 06:32:06.566"/>
</kw>
<status status="PASS" starttime="20220323 06:32:04.750" endtime="20220323 06:32:06.567"/>
</kw>
<kw name="Input passwords" library="keywordFlight">
<arg>${Passwd.validPasswrd}</arg>
<kw name="Input Text" library="AppiumLibrary">
<arg>${input_password}</arg>
<arg>${passWord}</arg>
<doc>Types the given `text` into text field identified by `locator`.</doc>
<msg timestamp="20220323 06:32:06.595" level="INFO">Typing text 'abc123' into text field 'id=com.example.myapplication:id/password'</msg>
<status status="PASS" starttime="20220323 06:32:06.576" endtime="20220323 06:32:07.155"/>
</kw>
<status status="PASS" starttime="20220323 06:32:06.568" endtime="20220323 06:32:07.156"/>
</kw>
<kw name="Tap button SingIn" library="keywordFlight">
<kw name="Tap" library="AppiumLibrary">
<arg>${btn_Singin}</arg>
<doc>Tap element identified by ``locator``. </doc>
<status status="PASS" starttime="20220323 06:32:07.160" endtime="20220323 06:32:07.906"/>
</kw>
<status status="PASS" starttime="20220323 06:32:07.158" endtime="20220323 06:32:07.907"/>
</kw>
<kw name="Verification successful login" library="keywordFlight">
<kw name="Wait Until Element Is Visible" library="AppiumLibrary">
<arg>${VerifySuccess_login}</arg>
<doc>Waits until element specified with `locator` is visible.</doc>
<status status="PASS" starttime="20220323 06:32:07.911" endtime="20220323 06:32:08.908"/>
</kw>
<kw name="Page Should Contain Element" library="AppiumLibrary">
<arg>${VerifySuccess_login}</arg>
<doc>Verifies that current page contains `locator` element.</doc>
<msg timestamp="20220323 06:32:08.993" level="INFO">Current page contains element 'id=com.example.myapplication:id/textView'.</msg>
<status status="PASS" starttime="20220323 06:32:08.909" endtime="20220323 06:32:08.993"/>
</kw>
<status status="PASS" starttime="20220323 06:32:07.909" endtime="20220323 06:32:08.994"/>
</kw>
<kw name="Close Application" library="AppiumLibrary" type="TEARDOWN">
<doc>Closes the current application and also close webdriver session.</doc>
<status status="PASS" starttime="20220323 06:32:08.995" endtime="20220323 06:32:10.537"/>
</kw>
<tag>Positive Test</tag>
<status status="PASS" starttime="20220323 06:31:35.133" endtime="20220323 06:32:10.538"/>
</test>
<test id="s1-s1-t2" name="User should not be able login with invalid username">
<kw name="Open AppFlight Aplication" library="keywordFlight" type="SETUP">
<kw name="Open Application" library="AppiumLibrary">
<arg>${remote_url}</arg>
<arg>platformName=${PlatformNames}</arg>
<arg>deviceName=${DeviceNames}</arg>
<arg>appPackage=${AppPackages}</arg>
<arg>appActivity=${AppActivitys}</arg>
<doc>Opens a new application to given Appium server.
Capabilities of appium server, Android and iOS,
Please check https://github.com/appium/appium/blob/master/docs/en/writing-running-appium/server-args.md
| *Option*            | *Man.* | *Description*     |
| remote_url          | Yes    | Appium server url |
| alias               | no     | alias             |</doc>
<status status="PASS" starttime="20220323 06:32:10.551" endtime="20220323 06:32:29.435"/>
</kw>
<status status="PASS" starttime="20220323 06:32:10.550" endtime="20220323 06:32:29.436"/>
</kw>
<kw name="Tap button Login" library="keywordFlight">
<kw name="Wait Until Element Is Visible" library="AppiumLibrary">
<arg>${btn_login}</arg>
<doc>Waits until element specified with `locator` is visible.</doc>
<status status="PASS" starttime="20220323 06:32:29.439" endtime="20220323 06:32:29.820"/>
</kw>
<kw name="Click Element" library="AppiumLibrary">
<arg>${btn_login}</arg>
<doc>Click element identified by `locator`.</doc>
<msg timestamp="20220323 06:32:29.834" level="INFO">Clicking element 'id=com.example.myapplication:id/login'.</msg>
<status status="PASS" starttime="20220323 06:32:29.820" endtime="20220323 06:32:29.963"/>
</kw>
<status status="PASS" starttime="20220323 06:32:29.438" endtime="20220323 06:32:29.965"/>
</kw>
<kw name="Input username" library="keywordFlight">
<arg>${userNames.invalidUsername}</arg>
<kw name="Wait Until Element Is Visible" library="AppiumLibrary">
<arg>${input_username}</arg>
<doc>Waits until element specified with `locator` is visible.</doc>
<status status="PASS" starttime="20220323 06:32:29.973" endtime="20220323 06:32:31.235"/>
</kw>
<kw name="Input Text" library="AppiumLibrary">
<arg>${input_username}</arg>
<arg>${userName}</arg>
<doc>Types the given `text` into text field identified by `locator`.</doc>
<msg timestamp="20220323 06:32:31.250" level="INFO">Typing text 'adudu@gmail.com' into text field 'id=com.example.myapplication:id/username'</msg>
<status status="PASS" starttime="20220323 06:32:31.236" endtime="20220323 06:32:31.389"/>
</kw>
<status status="PASS" starttime="20220323 06:32:29.966" endtime="20220323 06:32:31.390"/>
</kw>
<kw name="Input passwords" library="keywordFlight">
<arg>${Passwd.invalidPasswrd}</arg>
<kw name="Input Text" library="AppiumLibrary">
<arg>${input_password}</arg>
<arg>${passWord}</arg>
<doc>Types the given `text` into text field identified by `locator`.</doc>
<msg timestamp="20220323 06:32:31.426" level="INFO">Typing text 'super123' into text field 'id=com.example.myapplication:id/password'</msg>
<status status="PASS" starttime="20220323 06:32:31.407" endtime="20220323 06:32:31.988"/>
</kw>
<status status="PASS" starttime="20220323 06:32:31.399" endtime="20220323 06:32:31.989"/>
</kw>
<kw name="Tap button SingIn" library="keywordFlight">
<kw name="Tap" library="AppiumLibrary">
<arg>${btn_Singin}</arg>
<doc>Tap element identified by ``locator``. </doc>
<status status="PASS" starttime="20220323 06:32:31.994" endtime="20220323 06:32:32.732"/>
</kw>
<status status="PASS" starttime="20220323 06:32:31.991" endtime="20220323 06:32:32.734"/>
</kw>
<kw name="Verification failed login" library="keywordFlight">
<kw name="Page Should Contain Text" library="AppiumLibrary">
<arg>Invalid username/password</arg>
<doc>Verifies that current page contains `text`.</doc>
<msg timestamp="20220323 06:32:33.036" level="INFO">Current page contains text 'Invalid username/password'.</msg>
<status status="PASS" starttime="20220323 06:32:32.740" endtime="20220323 06:32:33.036"/>
</kw>
<status status="PASS" starttime="20220323 06:32:32.738" endtime="20220323 06:32:33.037"/>
</kw>
<kw name="Close Application" library="AppiumLibrary" type="TEARDOWN">
<doc>Closes the current application and also close webdriver session.</doc>
<status status="PASS" starttime="20220323 06:32:33.041" endtime="20220323 06:32:34.668"/>
</kw>
<tag>Negative Test</tag>
<status status="PASS" starttime="20220323 06:32:10.547" endtime="20220323 06:32:34.669"/>
</test>
<test id="s1-s1-t3" name="User should not be able login with empty username">
<kw name="Open AppFlight Aplication" library="keywordFlight" type="SETUP">
<kw name="Open Application" library="AppiumLibrary">
<arg>${remote_url}</arg>
<arg>platformName=${PlatformNames}</arg>
<arg>deviceName=${DeviceNames}</arg>
<arg>appPackage=${AppPackages}</arg>
<arg>appActivity=${AppActivitys}</arg>
<doc>Opens a new application to given Appium server.
Capabilities of appium server, Android and iOS,
Please check https://github.com/appium/appium/blob/master/docs/en/writing-running-appium/server-args.md
| *Option*            | *Man.* | *Description*     |
| remote_url          | Yes    | Appium server url |
| alias               | no     | alias             |</doc>
<status status="PASS" starttime="20220323 06:32:34.677" endtime="20220323 06:32:53.858"/>
</kw>
<status status="PASS" starttime="20220323 06:32:34.675" endtime="20220323 06:32:53.859"/>
</kw>
<kw name="Tap button Login" library="keywordFlight">
<kw name="Wait Until Element Is Visible" library="AppiumLibrary">
<arg>${btn_login}</arg>
<doc>Waits until element specified with `locator` is visible.</doc>
<status status="PASS" starttime="20220323 06:32:53.861" endtime="20220323 06:32:54.274"/>
</kw>
<kw name="Click Element" library="AppiumLibrary">
<arg>${btn_login}</arg>
<doc>Click element identified by `locator`.</doc>
<msg timestamp="20220323 06:32:54.289" level="INFO">Clicking element 'id=com.example.myapplication:id/login'.</msg>
<status status="PASS" starttime="20220323 06:32:54.274" endtime="20220323 06:32:54.481"/>
</kw>
<status status="PASS" starttime="20220323 06:32:53.860" endtime="20220323 06:32:54.482"/>
</kw>
<kw name="Input username" library="keywordFlight">
<arg>${Empty}</arg>
<kw name="Wait Until Element Is Visible" library="AppiumLibrary">
<arg>${input_username}</arg>
<doc>Waits until element specified with `locator` is visible.</doc>
<status status="PASS" starttime="20220323 06:32:54.491" endtime="20220323 06:32:55.738"/>
</kw>
<kw name="Input Text" library="AppiumLibrary">
<arg>${input_username}</arg>
<arg>${userName}</arg>
<doc>Types the given `text` into text field identified by `locator`.</doc>
<msg timestamp="20220323 06:32:55.755" level="INFO">Typing text '' into text field 'id=com.example.myapplication:id/username'</msg>
<status status="PASS" starttime="20220323 06:32:55.738" endtime="20220323 06:32:55.902"/>
</kw>
<status status="PASS" starttime="20220323 06:32:54.483" endtime="20220323 06:32:55.903"/>
</kw>
<kw name="Input passwords" library="keywordFlight">
<arg>${Empty}</arg>
<kw name="Input Text" library="AppiumLibrary">
<arg>${input_password}</arg>
<arg>${passWord}</arg>
<doc>Types the given `text` into text field identified by `locator`.</doc>
<msg timestamp="20220323 06:32:55.931" level="INFO">Typing text '' into text field 'id=com.example.myapplication:id/password'</msg>
<status status="PASS" starttime="20220323 06:32:55.914" endtime="20220323 06:32:56.479"/>
</kw>
<status status="PASS" starttime="20220323 06:32:55.907" endtime="20220323 06:32:56.480"/>
</kw>
<kw name="Tap button SingIn" library="keywordFlight">
<kw name="Tap" library="AppiumLibrary">
<arg>${btn_Singin}</arg>
<doc>Tap element identified by ``locator``. </doc>
<status status="PASS" starttime="20220323 06:32:56.482" endtime="20220323 06:32:57.224"/>
</kw>
<status status="PASS" starttime="20220323 06:32:56.481" endtime="20220323 06:32:57.225"/>
</kw>
<kw name="Verification failed login" library="keywordFlight">
<kw name="Page Should Contain Text" library="AppiumLibrary">
<arg>Invalid username/password</arg>
<doc>Verifies that current page contains `text`.</doc>
<msg timestamp="20220323 06:32:57.814" level="INFO">Current page contains text 'Invalid username/password'.</msg>
<status status="PASS" starttime="20220323 06:32:57.230" endtime="20220323 06:32:57.814"/>
</kw>
<status status="PASS" starttime="20220323 06:32:57.227" endtime="20220323 06:32:57.815"/>
</kw>
<kw name="Close Application" library="AppiumLibrary" type="TEARDOWN">
<doc>Closes the current application and also close webdriver session.</doc>
<status status="PASS" starttime="20220323 06:32:57.817" endtime="20220323 06:32:59.477"/>
</kw>
<tag>Negative Test</tag>
<status status="PASS" starttime="20220323 06:32:34.673" endtime="20220323 06:32:59.478"/>
</test>
<doc>Test Fungtionaly login AppFlight</doc>
<status status="PASS" starttime="20220323 06:31:33.889" endtime="20220323 06:32:59.485"/>
</suite>
<suite id="s1-s2" name="flightOrders" source="D:\MobileAutomation_(FlightApp)\TestCase\flightOrders.robot">
<test id="s1-s2-t1" name="User Booking One Way Flight">
<kw name="Open AppFlight Aplication" library="keywordFlight" type="SETUP">
<kw name="Open Application" library="AppiumLibrary">
<arg>${remote_url}</arg>
<arg>platformName=${PlatformNames}</arg>
<arg>deviceName=${DeviceNames}</arg>
<arg>appPackage=${AppPackages}</arg>
<arg>appActivity=${AppActivitys}</arg>
<doc>Opens a new application to given Appium server.
Capabilities of appium server, Android and iOS,
Please check https://github.com/appium/appium/blob/master/docs/en/writing-running-appium/server-args.md
| *Option*            | *Man.* | *Description*     |
| remote_url          | Yes    | Appium server url |
| alias               | no     | alias             |</doc>
<status status="PASS" starttime="20220323 06:32:59.641" endtime="20220323 06:33:19.668"/>
</kw>
<status status="PASS" starttime="20220323 06:32:59.638" endtime="20220323 06:33:19.669"/>
</kw>
<kw name="Login user with valid username" library="login">
<kw name="Tap button Login" library="keywordFlight">
<kw name="Wait Until Element Is Visible" library="AppiumLibrary">
<arg>${btn_login}</arg>
<doc>Waits until element specified with `locator` is visible.</doc>
<status status="PASS" starttime="20220323 06:33:19.673" endtime="20220323 06:33:20.038"/>
</kw>
<kw name="Click Element" library="AppiumLibrary">
<arg>${btn_login}</arg>
<doc>Click element identified by `locator`.</doc>
<msg timestamp="20220323 06:33:20.053" level="INFO">Clicking element 'id=com.example.myapplication:id/login'.</msg>
<status status="PASS" starttime="20220323 06:33:20.038" endtime="20220323 06:33:20.183"/>
</kw>
<status status="PASS" starttime="20220323 06:33:19.672" endtime="20220323 06:33:20.184"/>
</kw>
<kw name="Input username" library="keywordFlight">
<arg>support@ngendigital.com</arg>
<kw name="Wait Until Element Is Visible" library="AppiumLibrary">
<arg>${input_username}</arg>
<doc>Waits until element specified with `locator` is visible.</doc>
<status status="PASS" starttime="20220323 06:33:20.187" endtime="20220323 06:33:21.441"/>
</kw>
<kw name="Input Text" library="AppiumLibrary">
<arg>${input_username}</arg>
<arg>${userName}</arg>
<doc>Types the given `text` into text field identified by `locator`.</doc>
<msg timestamp="20220323 06:33:21.460" level="INFO">Typing text 'support@ngendigital.com' into text field 'id=com.example.myapplication:id/username'</msg>
<status status="PASS" starttime="20220323 06:33:21.442" endtime="20220323 06:33:21.617"/>
</kw>
<status status="PASS" starttime="20220323 06:33:20.185" endtime="20220323 06:33:21.618"/>
</kw>
<kw name="Input passwords" library="keywordFlight">
<arg>abc123</arg>
<kw name="Input Text" library="AppiumLibrary">
<arg>${input_password}</arg>
<arg>${passWord}</arg>
<doc>Types the given `text` into text field identified by `locator`.</doc>
<msg timestamp="20220323 06:33:21.640" level="INFO">Typing text 'abc123' into text field 'id=com.example.myapplication:id/password'</msg>
<status status="PASS" starttime="20220323 06:33:21.621" endtime="20220323 06:33:22.195"/>
</kw>
<status status="PASS" starttime="20220323 06:33:21.618" endtime="20220323 06:33:22.196"/>
</kw>
<kw name="Tap button SingIn" library="keywordFlight">
<kw name="Tap" library="AppiumLibrary">
<arg>${btn_Singin}</arg>
<doc>Tap element identified by ``locator``. </doc>
<status status="PASS" starttime="20220323 06:33:22.198" endtime="20220323 06:33:22.954"/>
</kw>
<status status="PASS" starttime="20220323 06:33:22.196" endtime="20220323 06:33:22.955"/>
</kw>
<kw name="Verification successful login" library="keywordFlight">
<kw name="Wait Until Element Is Visible" library="AppiumLibrary">
<arg>${VerifySuccess_login}</arg>
<doc>Waits until element specified with `locator` is visible.</doc>
<status status="PASS" starttime="20220323 06:33:22.958" endtime="20220323 06:33:23.963"/>
</kw>
<kw name="Page Should Contain Element" library="AppiumLibrary">
<arg>${VerifySuccess_login}</arg>
<doc>Verifies that current page contains `locator` element.</doc>
<msg timestamp="20220323 06:33:24.034" level="INFO">Current page contains element 'id=com.example.myapplication:id/textView'.</msg>
<status status="PASS" starttime="20220323 06:33:23.964" endtime="20220323 06:33:24.034"/>
</kw>
<status status="PASS" starttime="20220323 06:33:22.956" endtime="20220323 06:33:24.035"/>
</kw>
<status status="PASS" starttime="20220323 06:33:19.670" endtime="20220323 06:33:24.036"/>
</kw>
<kw name="Tap Booking Flight" library="keywordFlight">
<kw name="Wait Until Element Is Visible" library="AppiumLibrary">
<arg>${btn_Booking}</arg>
<doc>Waits until element specified with `locator` is visible.</doc>
<status status="PASS" starttime="20220323 06:33:24.039" endtime="20220323 06:33:24.155"/>
</kw>
<kw name="Tap" library="AppiumLibrary">
<arg>${btn_Booking}</arg>
<doc>Tap element identified by ``locator``. </doc>
<status status="PASS" starttime="20220323 06:33:24.156" endtime="20220323 06:33:25.285"/>
</kw>
<status status="PASS" starttime="20220323 06:33:24.037" endtime="20220323 06:33:25.286"/>
</kw>
<kw name="Choose From City" library="keywordFlight">
<arg>${FromCity.CityC}</arg>
<kw name="Wait Until Element Is Visible" library="AppiumLibrary">
<arg>${spinner_FromCity}</arg>
<doc>Waits until element specified with `locator` is visible.</doc>
<status status="PASS" starttime="20220323 06:33:25.296" endtime="20220323 06:33:26.054"/>
</kw>
<kw name="Tap" library="AppiumLibrary">
<arg>${spinner_FromCity}</arg>
<doc>Tap element identified by ``locator``. </doc>
<status status="PASS" starttime="20220323 06:33:26.054" endtime="20220323 06:33:26.355"/>
</kw>
<kw name="Tap" library="AppiumLibrary">
<arg>//*[contains(@text,"${fromCity}")]</arg>
<doc>Tap element identified by ``locator``. </doc>
<status status="PASS" starttime="20220323 06:33:26.356" endtime="20220323 06:33:28.721"/>
</kw>
<status status="PASS" starttime="20220323 06:33:25.288" endtime="20220323 06:33:28.722"/>
</kw>
<kw name="Choose To City" library="keywordFlight">
<arg>${ToCity.CityO}</arg>
<kw name="Wait Until Element Is Visible" library="AppiumLibrary">
<arg>${spinner_ToCity}</arg>
<doc>Waits until element specified with `locator` is visible.</doc>
<status status="PASS" starttime="20220323 06:33:28.729" endtime="20220323 06:33:28.835"/>
</kw>
<kw name="Tap" library="AppiumLibrary">
<arg>${spinner_ToCity}</arg>
<doc>Tap element identified by ``locator``. </doc>
<status status="PASS" starttime="20220323 06:33:28.835" endtime="20220323 06:33:29.126"/>
</kw>
<kw name="Tap" library="AppiumLibrary">
<arg>//*[contains(@text,'${toCity}')]</arg>
<doc>Tap element identified by ``locator``. </doc>
<status status="PASS" starttime="20220323 06:33:29.127" endtime="20220323 06:33:30.871"/>
</kw>
<status status="PASS" starttime="20220323 06:33:28.723" endtime="20220323 06:33:30.872"/>
</kw>
<kw name="Choose Class" library="keywordFlight">
<arg>${ClassFlight.EClass}</arg>
<kw name="Wait Until Element Is Visible" library="AppiumLibrary">
<arg>${spinner_Class}</arg>
<doc>Waits until element specified with `locator` is visible.</doc>
<status status="PASS" starttime="20220323 06:33:30.880" endtime="20220323 06:33:31.021"/>
</kw>
<kw name="Tap" library="AppiumLibrary">
<arg>${spinner_Class}</arg>
<doc>Tap element identified by ``locator``. </doc>
<status status="PASS" starttime="20220323 06:33:31.022" endtime="20220323 06:33:31.294"/>
</kw>
<kw name="Tap" library="AppiumLibrary">
<arg>//*[contains(@text,'${classFlight}')]</arg>
<doc>Tap element identified by ``locator``. </doc>
<status status="PASS" starttime="20220323 06:33:31.295" endtime="20220323 06:33:32.937"/>
</kw>
<kw name="Sleep" library="BuiltIn">
<arg>2</arg>
<doc>Pauses the test executed for the given time.</doc>
<msg timestamp="20220323 06:33:34.939" level="INFO">Slept 2 seconds</msg>
<status status="PASS" starttime="20220323 06:33:32.937" endtime="20220323 06:33:34.939"/>
</kw>
<status status="PASS" starttime="20220323 06:33:30.873" endtime="20220323 06:33:34.940"/>
</kw>
<kw name="Choice Start Date" library="keywordFlight">
<arg>03 August 2019</arg>
<kw name="Tap" library="AppiumLibrary">
<arg>${tap_StartDate}</arg>
<doc>Tap element identified by ``locator``. </doc>
<status status="PASS" starttime="20220323 06:33:34.943" endtime="20220323 06:33:35.315"/>
</kw>
<kw name="Wait Until Element Is Visible" library="AppiumLibrary">
<arg>${view_Month}</arg>
<doc>Waits until element specified with `locator` is visible.</doc>
<status status="PASS" starttime="20220323 06:33:35.316" endtime="20220323 06:33:36.811"/>
</kw>
<kw name="Tap" library="AppiumLibrary">
<arg>//android.view.View[@content-desc="${startDate}"]</arg>
<doc>Tap element identified by ``locator``. </doc>
<status status="PASS" starttime="20220323 06:33:36.812" endtime="20220323 06:33:37.958"/>
</kw>
<kw name="Tap" library="AppiumLibrary">
<arg>${btn_DateOK}</arg>
<doc>Tap element identified by ``locator``. </doc>
<status status="PASS" starttime="20220323 06:33:37.958" endtime="20220323 06:33:38.250"/>
</kw>
<status status="PASS" starttime="20220323 06:33:34.941" endtime="20220323 06:33:38.251"/>
</kw>
<kw name="Choice End Date" library="keywordFlight">
<arg>23 August 2019</arg>
<kw name="Tap" library="AppiumLibrary">
<arg>${tap_EndDate}</arg>
<doc>Tap element identified by ``locator``. </doc>
<status status="PASS" starttime="20220323 06:33:38.255" endtime="20220323 06:33:39.086"/>
</kw>
<kw name="Wait Until Element Is Visible" library="AppiumLibrary">
<arg>${view_Month}</arg>
<doc>Waits until element specified with `locator` is visible.</doc>
<status status="PASS" starttime="20220323 06:33:39.086" endtime="20220323 06:33:40.100"/>
</kw>
<kw name="Tap" library="AppiumLibrary">
<arg>//android.view.View[@content-desc="${endDate}"]</arg>
<doc>Tap element identified by ``locator``. </doc>
<status status="PASS" starttime="20220323 06:33:40.101" endtime="20220323 06:33:41.156"/>
</kw>
<kw name="Tap" library="AppiumLibrary">
<arg>${btn_DateOK}</arg>
<doc>Tap element identified by ``locator``. </doc>
<status status="PASS" starttime="20220323 06:33:41.157" endtime="20220323 06:33:41.491"/>
</kw>
<status status="PASS" starttime="20220323 06:33:38.252" endtime="20220323 06:33:41.493"/>
</kw>
<kw name="Choose Flight package" library="keywordFlight">
<arg>${FlightPackage.Flight}</arg>
<kw name="Tap" library="AppiumLibrary">
<arg>//*[contains(@text,'${flight_package}')]</arg>
<doc>Tap element identified by ``locator``. </doc>
<status status="PASS" starttime="20220323 06:33:41.501" endtime="20220323 06:33:42.477"/>
</kw>
<status status="PASS" starttime="20220323 06:33:41.494" endtime="20220323 06:33:42.478"/>
</kw>
<kw name="Checklist Day" library="keywordFlight">
<kw name="Tap" library="AppiumLibrary">
<arg>${checklist_Day}</arg>
<doc>Tap element identified by ``locator``. </doc>
<status status="PASS" starttime="20220323 06:33:42.482" endtime="20220323 06:33:43.211"/>
</kw>
<status status="PASS" starttime="20220323 06:33:42.480" endtime="20220323 06:33:43.212"/>
</kw>
<kw name="Tap button Book" library="keywordFlight">
<kw name="Tap" library="AppiumLibrary">
<arg>${btn_Book}</arg>
<doc>Tap element identified by ``locator``. </doc>
<status status="PASS" starttime="20220323 06:33:43.216" endtime="20220323 06:33:43.940"/>
</kw>
<status status="PASS" starttime="20220323 06:33:43.213" endtime="20220323 06:33:43.941"/>
</kw>
<kw name="Verify redirect to page confirm booking" library="keywordFlight">
<kw name="Wait Until Element Is Visible" library="AppiumLibrary">
<arg>${VerifyPage_ConfirmBook}</arg>
<doc>Waits until element specified with `locator` is visible.</doc>
<status status="PASS" starttime="20220323 06:33:43.944" endtime="20220323 06:33:45.175"/>
</kw>
<status status="PASS" starttime="20220323 06:33:43.942" endtime="20220323 06:33:45.176"/>
</kw>
<kw name="Choose flight pricing" library="keywordFlight">
<arg>${GetPrice}[3]</arg>
<kw name="Tap" library="AppiumLibrary">
<arg>${choose_FlightPrice}/${flightPrice}</arg>
<doc>Tap element identified by ``locator``. </doc>
<status status="PASS" starttime="20220323 06:33:45.179" endtime="20220323 06:33:45.447"/>
</kw>
<status status="PASS" starttime="20220323 06:33:45.177" endtime="20220323 06:33:45.448"/>
</kw>
<kw name="Tap button confirm order" library="keywordFlight">
<kw name="Tap" library="AppiumLibrary">
<arg>${btn_ConfirmOrder}</arg>
<doc>Tap element identified by ``locator``. </doc>
<status status="PASS" starttime="20220323 06:33:45.453" endtime="20220323 06:33:46.262"/>
</kw>
<status status="PASS" starttime="20220323 06:33:45.451" endtime="20220323 06:33:46.263"/>
</kw>
<kw name="Verify reservation flight is booked" library="keywordFlight">
<kw name="Wait Until Element Is Visible" library="AppiumLibrary">
<arg>${VerifyReservationBook}</arg>
<doc>Waits until element specified with `locator` is visible.</doc>
<status status="PASS" starttime="20220323 06:33:46.266" endtime="20220323 06:33:47.117"/>
</kw>
<kw name="Element Should Be Visible" library="AppiumLibrary">
<arg>${VerifyReservationBook}</arg>
<doc>Verifies that element identified with locator is visible.</doc>
<status status="PASS" starttime="20220323 06:33:47.118" endtime="20220323 06:33:47.248"/>
</kw>
<status status="PASS" starttime="20220323 06:33:46.264" endtime="20220323 06:33:47.249"/>
</kw>
<kw name="Close Application" library="AppiumLibrary" type="TEARDOWN">
<doc>Closes the current application and also close webdriver session.</doc>
<status status="PASS" starttime="20220323 06:33:47.251" endtime="20220323 06:33:48.783"/>
</kw>
<tag>Positive Test</tag>
<status status="PASS" starttime="20220323 06:32:59.632" endtime="20220323 06:33:48.784"/>
</test>
<test id="s1-s2-t2" name="User Booking Round Trip Flight">
<kw name="Open AppFlight Aplication" library="keywordFlight" type="SETUP">
<kw name="Open Application" library="AppiumLibrary">
<arg>${remote_url}</arg>
<arg>platformName=${PlatformNames}</arg>
<arg>deviceName=${DeviceNames}</arg>
<arg>appPackage=${AppPackages}</arg>
<arg>appActivity=${AppActivitys}</arg>
<doc>Opens a new application to given Appium server.
Capabilities of appium server, Android and iOS,
Please check https://github.com/appium/appium/blob/master/docs/en/writing-running-appium/server-args.md
| *Option*            | *Man.* | *Description*     |
| remote_url          | Yes    | Appium server url |
| alias               | no     | alias             |</doc>
<status status="PASS" starttime="20220323 06:33:48.793" endtime="20220323 06:34:07.517"/>
</kw>
<status status="PASS" starttime="20220323 06:33:48.791" endtime="20220323 06:34:07.518"/>
</kw>
<kw name="Login user with valid username" library="login">
<kw name="Tap button Login" library="keywordFlight">
<kw name="Wait Until Element Is Visible" library="AppiumLibrary">
<arg>${btn_login}</arg>
<doc>Waits until element specified with `locator` is visible.</doc>
<status status="PASS" starttime="20220323 06:34:07.522" endtime="20220323 06:34:07.887"/>
</kw>
<kw name="Click Element" library="AppiumLibrary">
<arg>${btn_login}</arg>
<doc>Click element identified by `locator`.</doc>
<msg timestamp="20220323 06:34:07.902" level="INFO">Clicking element 'id=com.example.myapplication:id/login'.</msg>
<status status="PASS" starttime="20220323 06:34:07.888" endtime="20220323 06:34:08.071"/>
</kw>
<status status="PASS" starttime="20220323 06:34:07.521" endtime="20220323 06:34:08.072"/>
</kw>
<kw name="Input username" library="keywordFlight">
<arg>support@ngendigital.com</arg>
<kw name="Wait Until Element Is Visible" library="AppiumLibrary">
<arg>${input_username}</arg>
<doc>Waits until element specified with `locator` is visible.</doc>
<status status="PASS" starttime="20220323 06:34:08.076" endtime="20220323 06:34:09.300"/>
</kw>
<kw name="Input Text" library="AppiumLibrary">
<arg>${input_username}</arg>
<arg>${userName}</arg>
<doc>Types the given `text` into text field identified by `locator`.</doc>
<msg timestamp="20220323 06:34:09.315" level="INFO">Typing text 'support@ngendigital.com' into text field 'id=com.example.myapplication:id/username'</msg>
<status status="PASS" starttime="20220323 06:34:09.301" endtime="20220323 06:34:09.476"/>
</kw>
<status status="PASS" starttime="20220323 06:34:08.073" endtime="20220323 06:34:09.477"/>
</kw>
<kw name="Input passwords" library="keywordFlight">
<arg>abc123</arg>
<kw name="Input Text" library="AppiumLibrary">
<arg>${input_password}</arg>
<arg>${passWord}</arg>
<doc>Types the given `text` into text field identified by `locator`.</doc>
<msg timestamp="20220323 06:34:09.496" level="INFO">Typing text 'abc123' into text field 'id=com.example.myapplication:id/password'</msg>
<status status="PASS" starttime="20220323 06:34:09.479" endtime="20220323 06:34:10.054"/>
</kw>
<status status="PASS" starttime="20220323 06:34:09.477" endtime="20220323 06:34:10.055"/>
</kw>
<kw name="Tap button SingIn" library="keywordFlight">
<kw name="Tap" library="AppiumLibrary">
<arg>${btn_Singin}</arg>
<doc>Tap element identified by ``locator``. </doc>
<status status="PASS" starttime="20220323 06:34:10.058" endtime="20220323 06:34:10.781"/>
</kw>
<status status="PASS" starttime="20220323 06:34:10.056" endtime="20220323 06:34:10.782"/>
</kw>
<kw name="Verification successful login" library="keywordFlight">
<kw name="Wait Until Element Is Visible" library="AppiumLibrary">
<arg>${VerifySuccess_login}</arg>
<doc>Waits until element specified with `locator` is visible.</doc>
<status status="PASS" starttime="20220323 06:34:10.784" endtime="20220323 06:34:11.824"/>
</kw>
<kw name="Page Should Contain Element" library="AppiumLibrary">
<arg>${VerifySuccess_login}</arg>
<doc>Verifies that current page contains `locator` element.</doc>
<msg timestamp="20220323 06:34:11.901" level="INFO">Current page contains element 'id=com.example.myapplication:id/textView'.</msg>
<status status="PASS" starttime="20220323 06:34:11.824" endtime="20220323 06:34:11.901"/>
</kw>
<status status="PASS" starttime="20220323 06:34:10.783" endtime="20220323 06:34:11.902"/>
</kw>
<status status="PASS" starttime="20220323 06:34:07.520" endtime="20220323 06:34:11.903"/>
</kw>
<kw name="Tap Booking Flight" library="keywordFlight">
<kw name="Wait Until Element Is Visible" library="AppiumLibrary">
<arg>${btn_Booking}</arg>
<doc>Waits until element specified with `locator` is visible.</doc>
<status status="PASS" starttime="20220323 06:34:11.906" endtime="20220323 06:34:12.015"/>
</kw>
<kw name="Tap" library="AppiumLibrary">
<arg>${btn_Booking}</arg>
<doc>Tap element identified by ``locator``. </doc>
<status status="PASS" starttime="20220323 06:34:12.016" endtime="20220323 06:34:12.293"/>
</kw>
<status status="PASS" starttime="20220323 06:34:11.904" endtime="20220323 06:34:12.294"/>
</kw>
<kw name="Tap Round Trip" library="keywordFlight">
<kw name="Wait Until Element Is Visible" library="AppiumLibrary">
<arg>${tap_RoundTrip}</arg>
<doc>Waits until element specified with `locator` is visible.</doc>
<status status="PASS" starttime="20220323 06:34:12.298" endtime="20220323 06:34:14.188"/>
</kw>
<kw name="Tap" library="AppiumLibrary">
<arg>${tap_RoundTrip}</arg>
<doc>Tap element identified by ``locator``. </doc>
<status status="PASS" starttime="20220323 06:34:14.189" endtime="20220323 06:34:14.586"/>
</kw>
<status status="PASS" starttime="20220323 06:34:12.296" endtime="20220323 06:34:14.587"/>
</kw>
<kw name="Choose From City" library="keywordFlight">
<arg>${FromCity.CityT}</arg>
<kw name="Wait Until Element Is Visible" library="AppiumLibrary">
<arg>${spinner_FromCity}</arg>
<doc>Waits until element specified with `locator` is visible.</doc>
<status status="PASS" starttime="20220323 06:34:14.596" endtime="20220323 06:34:15.123"/>
</kw>
<kw name="Tap" library="AppiumLibrary">
<arg>${spinner_FromCity}</arg>
<doc>Tap element identified by ``locator``. </doc>
<status status="PASS" starttime="20220323 06:34:15.123" endtime="20220323 06:34:15.396"/>
</kw>
<kw name="Tap" library="AppiumLibrary">
<arg>//*[contains(@text,"${fromCity}")]</arg>
<doc>Tap element identified by ``locator``. </doc>
<status status="PASS" starttime="20220323 06:34:15.397" endtime="20220323 06:34:17.416"/>
</kw>
<status status="PASS" starttime="20220323 06:34:14.588" endtime="20220323 06:34:17.417"/>
</kw>
<kw name="Choose To City" library="keywordFlight">
<arg>${ToCity.CityP}</arg>
<kw name="Wait Until Element Is Visible" library="AppiumLibrary">
<arg>${spinner_ToCity}</arg>
<doc>Waits until element specified with `locator` is visible.</doc>
<status status="PASS" starttime="20220323 06:34:17.424" endtime="20220323 06:34:17.532"/>
</kw>
<kw name="Tap" library="AppiumLibrary">
<arg>${spinner_ToCity}</arg>
<doc>Tap element identified by ``locator``. </doc>
<status status="PASS" starttime="20220323 06:34:17.533" endtime="20220323 06:34:17.812"/>
</kw>
<kw name="Tap" library="AppiumLibrary">
<arg>//*[contains(@text,'${toCity}')]</arg>
<doc>Tap element identified by ``locator``. </doc>
<status status="PASS" starttime="20220323 06:34:17.813" endtime="20220323 06:34:19.458"/>
</kw>
<status status="PASS" starttime="20220323 06:34:17.418" endtime="20220323 06:34:19.458"/>
</kw>
<kw name="Choose Class" library="keywordFlight">
<arg>${ClassFlight.FClass}</arg>
<kw name="Wait Until Element Is Visible" library="AppiumLibrary">
<arg>${spinner_Class}</arg>
<doc>Waits until element specified with `locator` is visible.</doc>
<status status="PASS" starttime="20220323 06:34:19.464" endtime="20220323 06:34:19.576"/>
</kw>
<kw name="Tap" library="AppiumLibrary">
<arg>${spinner_Class}</arg>
<doc>Tap element identified by ``locator``. </doc>
<status status="PASS" starttime="20220323 06:34:19.577" endtime="20220323 06:34:19.837"/>
</kw>
<kw name="Tap" library="AppiumLibrary">
<arg>//*[contains(@text,'${classFlight}')]</arg>
<doc>Tap element identified by ``locator``. </doc>
<status status="PASS" starttime="20220323 06:34:19.837" endtime="20220323 06:34:21.469"/>
</kw>
<kw name="Sleep" library="BuiltIn">
<arg>2</arg>
<doc>Pauses the test executed for the given time.</doc>
<msg timestamp="20220323 06:34:23.472" level="INFO">Slept 2 seconds</msg>
<status status="PASS" starttime="20220323 06:34:21.470" endtime="20220323 06:34:23.472"/>
</kw>
<status status="PASS" starttime="20220323 06:34:19.459" endtime="20220323 06:34:23.473"/>
</kw>
<kw name="Choice Start Date" library="keywordFlight">
<arg>11 August 2019</arg>
<kw name="Tap" library="AppiumLibrary">
<arg>${tap_StartDate}</arg>
<doc>Tap element identified by ``locator``. </doc>
<status status="PASS" starttime="20220323 06:34:23.475" endtime="20220323 06:34:23.828"/>
</kw>
<kw name="Wait Until Element Is Visible" library="AppiumLibrary">
<arg>${view_Month}</arg>
<doc>Waits until element specified with `locator` is visible.</doc>
<status status="PASS" starttime="20220323 06:34:23.829" endtime="20220323 06:34:25.279"/>
</kw>
<kw name="Tap" library="AppiumLibrary">
<arg>//android.view.View[@content-desc="${startDate}"]</arg>
<doc>Tap element identified by ``locator``. </doc>
<status status="PASS" starttime="20220323 06:34:25.279" endtime="20220323 06:34:26.524"/>
</kw>
<kw name="Tap" library="AppiumLibrary">
<arg>${btn_DateOK}</arg>
<doc>Tap element identified by ``locator``. </doc>
<status status="PASS" starttime="20220323 06:34:26.525" endtime="20220323 06:34:26.922"/>
</kw>
<status status="PASS" starttime="20220323 06:34:23.474" endtime="20220323 06:34:26.924"/>
</kw>
<kw name="Choice End Date" library="keywordFlight">
<arg>19 August 2019</arg>
<kw name="Tap" library="AppiumLibrary">
<arg>${tap_EndDate}</arg>
<doc>Tap element identified by ``locator``. </doc>
<status status="PASS" starttime="20220323 06:34:26.928" endtime="20220323 06:34:27.922"/>
</kw>
<kw name="Wait Until Element Is Visible" library="AppiumLibrary">
<arg>${view_Month}</arg>
<doc>Waits until element specified with `locator` is visible.</doc>
<status status="PASS" starttime="20220323 06:34:27.922" endtime="20220323 06:34:28.783"/>
</kw>
<kw name="Tap" library="AppiumLibrary">
<arg>//android.view.View[@content-desc="${endDate}"]</arg>
<doc>Tap element identified by ``locator``. </doc>
<status status="PASS" starttime="20220323 06:34:28.784" endtime="20220323 06:34:29.838"/>
</kw>
<kw name="Tap" library="AppiumLibrary">
<arg>${btn_DateOK}</arg>
<doc>Tap element identified by ``locator``. </doc>
<status status="PASS" starttime="20220323 06:34:29.839" endtime="20220323 06:34:30.172"/>
</kw>
<status status="PASS" starttime="20220323 06:34:26.925" endtime="20220323 06:34:30.172"/>
</kw>
<kw name="Choose Flight package" library="keywordFlight">
<arg>${FlightPackage.FlightAcomodation}</arg>
<kw name="Tap" library="AppiumLibrary">
<arg>//*[contains(@text,'${flight_package}')]</arg>
<doc>Tap element identified by ``locator``. </doc>
<status status="PASS" starttime="20220323 06:34:30.180" endtime="20220323 06:34:31.136"/>
</kw>
<status status="PASS" starttime="20220323 06:34:30.174" endtime="20220323 06:34:31.138"/>
</kw>
<kw name="Checklist Day" library="keywordFlight">
<kw name="Tap" library="AppiumLibrary">
<arg>${checklist_Day}</arg>
<doc>Tap element identified by ``locator``. </doc>
<status status="PASS" starttime="20220323 06:34:31.143" endtime="20220323 06:34:31.877"/>
</kw>
<status status="PASS" starttime="20220323 06:34:31.142" endtime="20220323 06:34:31.878"/>
</kw>
<kw name="Tap button Book" library="keywordFlight">
<kw name="Tap" library="AppiumLibrary">
<arg>${btn_Book}</arg>
<doc>Tap element identified by ``locator``. </doc>
<status status="PASS" starttime="20220323 06:34:31.881" endtime="20220323 06:34:32.588"/>
</kw>
<status status="PASS" starttime="20220323 06:34:31.879" endtime="20220323 06:34:32.590"/>
</kw>
<kw name="Verify redirect to page confirm booking" library="keywordFlight">
<kw name="Wait Until Element Is Visible" library="AppiumLibrary">
<arg>${VerifyPage_ConfirmBook}</arg>
<doc>Waits until element specified with `locator` is visible.</doc>
<status status="PASS" starttime="20220323 06:34:32.593" endtime="20220323 06:34:33.926"/>
</kw>
<status status="PASS" starttime="20220323 06:34:32.591" endtime="20220323 06:34:33.926"/>
</kw>
<kw name="Choose flight pricing" library="keywordFlight">
<arg>${GetPrice}[8]</arg>
<kw name="Tap" library="AppiumLibrary">
<arg>${choose_FlightPrice}/${flightPrice}</arg>
<doc>Tap element identified by ``locator``. </doc>
<status status="PASS" starttime="20220323 06:34:33.929" endtime="20220323 06:34:34.195"/>
</kw>
<status status="PASS" starttime="20220323 06:34:33.927" endtime="20220323 06:34:34.196"/>
</kw>
<kw name="Tap button confirm order" library="keywordFlight">
<kw name="Tap" library="AppiumLibrary">
<arg>${btn_ConfirmOrder}</arg>
<doc>Tap element identified by ``locator``. </doc>
<status status="PASS" starttime="20220323 06:34:34.199" endtime="20220323 06:34:35.023"/>
</kw>
<status status="PASS" starttime="20220323 06:34:34.197" endtime="20220323 06:34:35.024"/>
</kw>
<kw name="Verify reservation flight is booked" library="keywordFlight">
<kw name="Wait Until Element Is Visible" library="AppiumLibrary">
<arg>${VerifyReservationBook}</arg>
<doc>Waits until element specified with `locator` is visible.</doc>
<status status="PASS" starttime="20220323 06:34:35.029" endtime="20220323 06:34:36.057"/>
</kw>
<kw name="Element Should Be Visible" library="AppiumLibrary">
<arg>${VerifyReservationBook}</arg>
<doc>Verifies that element identified with locator is visible.</doc>
<status status="PASS" starttime="20220323 06:34:36.058" endtime="20220323 06:34:36.199"/>
</kw>
<status status="PASS" starttime="20220323 06:34:35.026" endtime="20220323 06:34:36.200"/>
</kw>
<kw name="Close Application" library="AppiumLibrary" type="TEARDOWN">
<doc>Closes the current application and also close webdriver session.</doc>
<status status="PASS" starttime="20220323 06:34:36.203" endtime="20220323 06:34:37.813"/>
</kw>
<tag>Positive Test</tag>
<status status="PASS" starttime="20220323 06:33:48.788" endtime="20220323 06:34:37.814"/>
</test>
<doc>Test Case Fungtionaly User Booking One Way Flight and Round Trip Flight</doc>
<status status="PASS" starttime="20220323 06:32:59.491" endtime="20220323 06:34:37.817"/>
</suite>
<suite id="s1-s3" name="flightSearch" source="D:\MobileAutomation_(FlightApp)\TestCase\flightSearch.robot">
<kw name="Open AppFlight Aplication" library="keywordFlight" type="SETUP">
<kw name="Open Application" library="AppiumLibrary">
<arg>${remote_url}</arg>
<arg>platformName=${PlatformNames}</arg>
<arg>deviceName=${DeviceNames}</arg>
<arg>appPackage=${AppPackages}</arg>
<arg>appActivity=${AppActivitys}</arg>
<doc>Opens a new application to given Appium server.
Capabilities of appium server, Android and iOS,
Please check https://github.com/appium/appium/blob/master/docs/en/writing-running-appium/server-args.md
| *Option*            | *Man.* | *Description*     |
| remote_url          | Yes    | Appium server url |
| alias               | no     | alias             |</doc>
<status status="PASS" starttime="20220323 06:34:37.881" endtime="20220323 06:34:56.822"/>
</kw>
<status status="PASS" starttime="20220323 06:34:37.880" endtime="20220323 06:34:56.823"/>
</kw>
<test id="s1-s3-t1" name="User did a empty flight number search">
<kw name="Login user with valid username" library="login">
<kw name="Tap button Login" library="keywordFlight">
<kw name="Wait Until Element Is Visible" library="AppiumLibrary">
<arg>${btn_login}</arg>
<doc>Waits until element specified with `locator` is visible.</doc>
<status status="PASS" starttime="20220323 06:34:56.829" endtime="20220323 06:34:57.128"/>
</kw>
<kw name="Click Element" library="AppiumLibrary">
<arg>${btn_login}</arg>
<doc>Click element identified by `locator`.</doc>
<msg timestamp="20220323 06:34:57.143" level="INFO">Clicking element 'id=com.example.myapplication:id/login'.</msg>
<status status="PASS" starttime="20220323 06:34:57.129" endtime="20220323 06:34:57.262"/>
</kw>
<status status="PASS" starttime="20220323 06:34:56.827" endtime="20220323 06:34:57.263"/>
</kw>
<kw name="Input username" library="keywordFlight">
<arg>support@ngendigital.com</arg>
<kw name="Wait Until Element Is Visible" library="AppiumLibrary">
<arg>${input_username}</arg>
<doc>Waits until element specified with `locator` is visible.</doc>
<status status="PASS" starttime="20220323 06:34:57.266" endtime="20220323 06:34:58.514"/>
</kw>
<kw name="Input Text" library="AppiumLibrary">
<arg>${input_username}</arg>
<arg>${userName}</arg>
<doc>Types the given `text` into text field identified by `locator`.</doc>
<msg timestamp="20220323 06:34:58.528" level="INFO">Typing text 'support@ngendigital.com' into text field 'id=com.example.myapplication:id/username'</msg>
<status status="PASS" starttime="20220323 06:34:58.514" endtime="20220323 06:34:58.668"/>
</kw>
<status status="PASS" starttime="20220323 06:34:57.264" endtime="20220323 06:34:58.669"/>
</kw>
<kw name="Input passwords" library="keywordFlight">
<arg>abc123</arg>
<kw name="Input Text" library="AppiumLibrary">
<arg>${input_password}</arg>
<arg>${passWord}</arg>
<doc>Types the given `text` into text field identified by `locator`.</doc>
<msg timestamp="20220323 06:34:58.691" level="INFO">Typing text 'abc123' into text field 'id=com.example.myapplication:id/password'</msg>
<status status="PASS" starttime="20220323 06:34:58.672" endtime="20220323 06:34:59.259"/>
</kw>
<status status="PASS" starttime="20220323 06:34:58.670" endtime="20220323 06:34:59.260"/>
</kw>
<kw name="Tap button SingIn" library="keywordFlight">
<kw name="Tap" library="AppiumLibrary">
<arg>${btn_Singin}</arg>
<doc>Tap element identified by ``locator``. </doc>
<status status="PASS" starttime="20220323 06:34:59.265" endtime="20220323 06:34:59.988"/>
</kw>
<status status="PASS" starttime="20220323 06:34:59.262" endtime="20220323 06:34:59.989"/>
</kw>
<kw name="Verification successful login" library="keywordFlight">
<kw name="Wait Until Element Is Visible" library="AppiumLibrary">
<arg>${VerifySuccess_login}</arg>
<doc>Waits until element specified with `locator` is visible.</doc>
<status status="PASS" starttime="20220323 06:34:59.992" endtime="20220323 06:35:01.042"/>
</kw>
<kw name="Page Should Contain Element" library="AppiumLibrary">
<arg>${VerifySuccess_login}</arg>
<doc>Verifies that current page contains `locator` element.</doc>
<msg timestamp="20220323 06:35:01.149" level="INFO">Current page contains element 'id=com.example.myapplication:id/textView'.</msg>
<status status="PASS" starttime="20220323 06:35:01.043" endtime="20220323 06:35:01.150"/>
</kw>
<status status="PASS" starttime="20220323 06:34:59.990" endtime="20220323 06:35:01.151"/>
</kw>
<status status="PASS" starttime="20220323 06:34:56.826" endtime="20220323 06:35:01.152"/>
</kw>
<kw name="Tap Seacrh Flight" library="keywordFlight">
<kw name="Tap" library="AppiumLibrary">
<arg>${Tap_SearchFlight}</arg>
<doc>Tap element identified by ``locator``. </doc>
<status status="PASS" starttime="20220323 06:35:01.156" endtime="20220323 06:35:01.449"/>
</kw>
<status status="PASS" starttime="20220323 06:35:01.154" endtime="20220323 06:35:01.450"/>
</kw>
<kw name="Verify page Flight Number" library="keywordFlight">
<kw name="Wait Until Element Is Visible" library="AppiumLibrary">
<arg>${waitVisibleFlightNumber}</arg>
<doc>Waits until element specified with `locator` is visible.</doc>
<status status="PASS" starttime="20220323 06:35:01.454" endtime="20220323 06:35:03.797"/>
</kw>
<kw name="Page Should Contain Text" library="AppiumLibrary">
<arg>Enter Flight Number</arg>
<doc>Verifies that current page contains `text`.</doc>
<msg timestamp="20220323 06:35:03.955" level="INFO">Current page contains text 'Enter Flight Number'.</msg>
<status status="PASS" starttime="20220323 06:35:03.797" endtime="20220323 06:35:03.955"/>
</kw>
<status status="PASS" starttime="20220323 06:35:01.452" endtime="20220323 06:35:03.956"/>
</kw>
<kw name="Input Flight Number" library="keywordFlight">
<arg>${empty}</arg>
<kw name="Wait Until Element Is Visible" library="AppiumLibrary">
<arg>${Input_FlightNumber}</arg>
<doc>Waits until element specified with `locator` is visible.</doc>
<status status="PASS" starttime="20220323 06:35:03.962" endtime="20220323 06:35:04.069"/>
</kw>
<kw name="Input Text" library="AppiumLibrary">
<arg>${Input_FlightNumber}</arg>
<arg>${flightNumber}</arg>
<doc>Types the given `text` into text field identified by `locator`.</doc>
<msg timestamp="20220323 06:35:04.086" level="INFO">Typing text '' into text field 'id=com.example.myapplication:id/flight_number'</msg>
<status status="PASS" starttime="20220323 06:35:04.070" endtime="20220323 06:35:04.244"/>
</kw>
<status status="PASS" starttime="20220323 06:35:03.958" endtime="20220323 06:35:04.245"/>
</kw>
<kw name="Tap button search flight" library="keywordFlight">
<kw name="Tap" library="AppiumLibrary">
<arg>${btn_SearchFlight}</arg>
<doc>Tap element identified by ``locator``. </doc>
<status status="PASS" starttime="20220323 06:35:04.250" endtime="20220323 06:35:04.974"/>
</kw>
<status status="PASS" starttime="20220323 06:35:04.248" endtime="20220323 06:35:04.975"/>
</kw>
<kw name="Verify flight number is invalid" library="keywordFlight">
<kw name="Page Should Contain Text" library="AppiumLibrary">
<arg>Please enter valid Flight Number</arg>
<doc>Verifies that current page contains `text`.</doc>
<msg timestamp="20220323 06:35:05.254" level="INFO">Current page contains text 'Please enter valid Flight Number'.</msg>
<status status="PASS" starttime="20220323 06:35:04.980" endtime="20220323 06:35:05.255"/>
</kw>
<status status="PASS" starttime="20220323 06:35:04.978" endtime="20220323 06:35:05.256"/>
</kw>
<tag>Negative Test</tag>
<status status="PASS" starttime="20220323 06:34:56.824" endtime="20220323 06:35:05.257"/>
</test>
<test id="s1-s3-t2" name="User did a wrong flight number search">
<kw name="Input Flight Number" library="keywordFlight">
<arg>${flightNumbers.invalidFNumber}</arg>
<kw name="Wait Until Element Is Visible" library="AppiumLibrary">
<arg>${Input_FlightNumber}</arg>
<doc>Waits until element specified with `locator` is visible.</doc>
<status status="PASS" starttime="20220323 06:35:05.267" endtime="20220323 06:35:05.563"/>
</kw>
<kw name="Input Text" library="AppiumLibrary">
<arg>${Input_FlightNumber}</arg>
<arg>${flightNumber}</arg>
<doc>Types the given `text` into text field identified by `locator`.</doc>
<msg timestamp="20220323 06:35:05.580" level="INFO">Typing text 'ABC1234' into text field 'id=com.example.myapplication:id/flight_number'</msg>
<status status="PASS" starttime="20220323 06:35:05.563" endtime="20220323 06:35:05.728"/>
</kw>
<status status="PASS" starttime="20220323 06:35:05.262" endtime="20220323 06:35:05.729"/>
</kw>
<kw name="Tap button search flight" library="keywordFlight">
<kw name="Tap" library="AppiumLibrary">
<arg>${btn_SearchFlight}</arg>
<doc>Tap element identified by ``locator``. </doc>
<status status="PASS" starttime="20220323 06:35:05.732" endtime="20220323 06:35:06.458"/>
</kw>
<status status="PASS" starttime="20220323 06:35:05.731" endtime="20220323 06:35:06.459"/>
</kw>
<kw name="Verify flight number is invalid" library="keywordFlight">
<kw name="Page Should Contain Text" library="AppiumLibrary">
<arg>Please enter valid Flight Number</arg>
<doc>Verifies that current page contains `text`.</doc>
<msg timestamp="20220323 06:35:07.099" level="INFO">Current page contains text 'Please enter valid Flight Number'.</msg>
<status status="PASS" starttime="20220323 06:35:06.463" endtime="20220323 06:35:07.099"/>
</kw>
<status status="PASS" starttime="20220323 06:35:06.460" endtime="20220323 06:35:07.100"/>
</kw>
<tag>Negative Test</tag>
<status status="PASS" starttime="20220323 06:35:05.260" endtime="20220323 06:35:07.102"/>
</test>
<test id="s1-s3-t3" name="User did a valid flight number search">
<kw name="Clear Flight Number" library="keywordFlight">
<kw name="Clear Text" library="AppiumLibrary">
<arg>${clear_FlightNumber}</arg>
<doc>Clears the text field identified by `locator`.</doc>
<msg timestamp="20220323 06:35:07.127" level="INFO">Clear text field 'id=com.example.myapplication:id/flight_number'</msg>
<status status="PASS" starttime="20220323 06:35:07.111" endtime="20220323 06:35:07.604"/>
</kw>
<status status="PASS" starttime="20220323 06:35:07.109" endtime="20220323 06:35:07.605"/>
</kw>
<kw name="Input Flight Number" library="keywordFlight">
<arg>${flightNumbers.validFNumber}</arg>
<kw name="Wait Until Element Is Visible" library="AppiumLibrary">
<arg>${Input_FlightNumber}</arg>
<doc>Waits until element specified with `locator` is visible.</doc>
<status status="PASS" starttime="20220323 06:35:07.618" endtime="20220323 06:35:08.142"/>
</kw>
<kw name="Input Text" library="AppiumLibrary">
<arg>${Input_FlightNumber}</arg>
<arg>${flightNumber}</arg>
<doc>Types the given `text` into text field identified by `locator`.</doc>
<msg timestamp="20220323 06:35:08.159" level="INFO">Typing text 'DA935' into text field 'id=com.example.myapplication:id/flight_number'</msg>
<status status="PASS" starttime="20220323 06:35:08.142" endtime="20220323 06:35:08.290"/>
</kw>
<status status="PASS" starttime="20220323 06:35:07.610" endtime="20220323 06:35:08.291"/>
</kw>
<kw name="Tap button search flight" library="keywordFlight">
<kw name="Tap" library="AppiumLibrary">
<arg>${btn_SearchFlight}</arg>
<doc>Tap element identified by ``locator``. </doc>
<status status="PASS" starttime="20220323 06:35:08.295" endtime="20220323 06:35:09.005"/>
</kw>
<status status="PASS" starttime="20220323 06:35:08.293" endtime="20220323 06:35:09.006"/>
</kw>
<kw name="Verify flight number is valid" library="keywordFlight">
<kw name="Wait Until Element Is Visible" library="AppiumLibrary">
<arg>${waitFlightNumberVisible}</arg>
<doc>Waits until element specified with `locator` is visible.</doc>
<status status="PASS" starttime="20220323 06:35:09.009" endtime="20220323 06:35:09.996"/>
</kw>
<kw name="Page Should Contain Text" library="AppiumLibrary">
<arg>Toronto to Paris</arg>
<doc>Verifies that current page contains `text`.</doc>
<msg timestamp="20220323 06:35:10.123" level="INFO">Current page contains text 'Toronto to Paris'.</msg>
<status status="PASS" starttime="20220323 06:35:09.997" endtime="20220323 06:35:10.124"/>
</kw>
<kw name="Page Should Contain Text" library="AppiumLibrary">
<arg>DA 935</arg>
<doc>Verifies that current page contains `text`.</doc>
<msg timestamp="20220323 06:35:10.270" level="INFO">Current page contains text 'DA 935'.</msg>
<status status="PASS" starttime="20220323 06:35:10.125" endtime="20220323 06:35:10.270"/>
</kw>
<status status="PASS" starttime="20220323 06:35:09.007" endtime="20220323 06:35:10.271"/>
</kw>
<tag>Positive Test</tag>
<status status="PASS" starttime="20220323 06:35:07.106" endtime="20220323 06:35:10.273"/>
</test>
<kw name="Close Application" library="AppiumLibrary" type="TEARDOWN">
<doc>Closes the current application and also close webdriver session.</doc>
<status status="PASS" starttime="20220323 06:35:10.279" endtime="20220323 06:35:11.973"/>
</kw>
<doc>Test Case Fungtionaly for search Flight Number</doc>
<status status="PASS" starttime="20220323 06:34:37.825" endtime="20220323 06:35:11.973"/>
</suite>
<status status="PASS" starttime="20220323 06:31:33.772" endtime="20220323 06:35:11.982"/>
</suite>
<statistics>
<total>
<stat pass="8" fail="0" skip="0">All Tests</stat>
</total>
<tag>
<stat pass="4" fail="0" skip="0">Negative Test</stat>
<stat pass="4" fail="0" skip="0">Positive Test</stat>
</tag>
<suite>
<stat pass="8" fail="0" skip="0" id="s1" name="TestCase">TestCase</stat>
<stat pass="3" fail="0" skip="0" id="s1-s1" name="flightLogin">TestCase.flightLogin</stat>
<stat pass="2" fail="0" skip="0" id="s1-s2" name="flightOrders">TestCase.flightOrders</stat>
<stat pass="3" fail="0" skip="0" id="s1-s3" name="flightSearch">TestCase.flightSearch</stat>
</suite>
</statistics>
<errors>
</errors>
</robot>
